android/.build/react-native-image-picker/intermediates/manifest_merge_blame_file/debug/manifest-merger-blame-debug-report.txt
1<?xml version="1.0" encoding="utf-8"?>
2<manifest xmlns:android="http://schemas.android.com/apk/res/android"
3    package="com.imagepicker" >
4
5    <uses-sdk
6        android:minSdkVersion="16"
6-->src\main\AndroidManifest.xml
7        android:targetSdkVersion="26" />
7-->src\main\AndroidManifest.xml
8
9    <application>
9-->src\main\AndroidManifest.xml:6:5-16:19
10        <provider
10-->src\main\AndroidManifest.xml:7:7-15:20
11            android:name="com.imagepicker.FileProvider"
11-->src\main\AndroidManifest.xml:8:13-56
12            android:authorities="dollar_openBracket_applicationId_closeBracket.provider"
12-->src\main\AndroidManifest.xml:9:13-60
13            android:exported="false"
13-->src\main\AndroidManifest.xml:10:13-37
14            android:grantUriPermissions="true" >
14-->src\main\AndroidManifest.xml:11:13-47
15            <meta-data
15-->src\main\AndroidManifest.xml:12:13-14:58
16                android:name="android.support.FILE_PROVIDER_PATHS"
16-->src\main\AndroidManifest.xml:13:17-67
17                android:resource="@xml/provider_paths" />
17-->src\main\AndroidManifest.xml:14:17-55
18        </provider>
19    </application>
20
21</manifest>